<?xml version="1.0" encoding="UTF-8"?>
<testng-results skipped="0" failed="1" ignored="0" total="1" passed="0">
  <reporter-output>
  </reporter-output>
  <suite name="Default suite" duration-ms="10300" started-at="2019-04-26T12:03:10Z" finished-at="2019-04-26T12:03:20Z">
    <groups>
    </groups>
    <test name="Default test" duration-ms="10300" started-at="2019-04-26T12:03:10Z" finished-at="2019-04-26T12:03:20Z">
      <class name="ExtentReport.ExtentReportTesting">
        <test-method status="PASS" signature="setExtent()[pri:0, instance:ExtentReport.ExtentReportTesting@5c3bd550]" name="setExtent" is-config="true" duration-ms="277" started-at="2019-04-26T12:03:10Z" finished-at="2019-04-26T12:03:10Z">
          <reporter-output>
          </reporter-output>
        </test-method> <!-- setExtent -->
        <test-method status="PASS" signature="setUp()[pri:0, instance:ExtentReport.ExtentReportTesting@5c3bd550]" name="setUp" is-config="true" duration-ms="8609" started-at="2019-04-26T12:03:10Z" finished-at="2019-04-26T12:03:18Z">
          <reporter-output>
          </reporter-output>
        </test-method> <!-- setUp -->
        <test-method status="FAIL" signature="noCommerceTitleTest()[pri:0, instance:ExtentReport.ExtentReportTesting@5c3bd550]" name="noCommerceTitleTest" duration-ms="47" started-at="2019-04-26T12:03:18Z" finished-at="2019-04-26T12:03:18Z">
          <exception class="java.lang.AssertionError">
            <message>
              <![CDATA[expected [eCommerce demo store] but found [nopCommerce demo store]]]>
            </message>
            <full-stacktrace>
              <![CDATA[java.lang.AssertionError: expected [eCommerce demo store] but found [nopCommerce demo store]
at org.testng.Assert.fail(Assert.java:96)
at org.testng.Assert.failNotEquals(Assert.java:776)
at org.testng.Assert.assertEqualsImpl(Assert.java:137)
at org.testng.Assert.assertEquals(Assert.java:118)
at org.testng.Assert.assertEquals(Assert.java:453)
at org.testng.Assert.assertEquals(Assert.java:463)
at ExtentReport.ExtentReportTesting.noCommerceTitleTest(ExtentReportTesting.java:83)
at sun.reflect.NativeMethodAccessorImpl.invoke0(Native Method)
at sun.reflect.NativeMethodAccessorImpl.invoke(Unknown Source)
at sun.reflect.DelegatingMethodAccessorImpl.invoke(Unknown Source)
at java.lang.reflect.Method.invoke(Unknown Source)
at org.testng.internal.MethodInvocationHelper.invokeMethod(MethodInvocationHelper.java:124)
at org.testng.internal.Invoker.invokeMethod(Invoker.java:583)
at org.testng.internal.Invoker.invokeTestMethod(Invoker.java:719)
at org.testng.internal.Invoker.invokeTestMethods(Invoker.java:989)
at org.testng.internal.TestMethodWorker.invokeTestMethods(TestMethodWorker.java:125)
at org.testng.internal.TestMethodWorker.run(TestMethodWorker.java:109)
at org.testng.TestRunner.privateRun(TestRunner.java:648)
at org.testng.TestRunner.run(TestRunner.java:505)
at org.testng.SuiteRunner.runTest(SuiteRunner.java:455)
at org.testng.SuiteRunner.runSequentially(SuiteRunner.java:450)
at org.testng.SuiteRunner.privateRun(SuiteRunner.java:415)
at org.testng.SuiteRunner.run(SuiteRunner.java:364)
at org.testng.SuiteRunnerWorker.runSuite(SuiteRunnerWorker.java:52)
at org.testng.SuiteRunnerWorker.run(SuiteRunnerWorker.java:84)
at org.testng.TestNG.runSuitesSequentially(TestNG.java:1208)
at org.testng.TestNG.runSuitesLocally(TestNG.java:1137)
at org.testng.TestNG.runSuites(TestNG.java:1049)
at org.testng.TestNG.run(TestNG.java:1017)
at org.testng.remote.AbstractRemoteTestNG.run(AbstractRemoteTestNG.java:115)
at org.testng.remote.RemoteTestNG.initAndRun(RemoteTestNG.java:251)
at org.testng.remote.RemoteTestNG.main(RemoteTestNG.java:77)
]]>
            </full-stacktrace>
          </exception> <!-- java.lang.AssertionError -->
          <reporter-output>
          </reporter-output>
        </test-method> <!-- noCommerceTitleTest -->
        <test-method status="PASS" signature="teardown(org.testng.ITestResult)[pri:0, instance:ExtentReport.ExtentReportTesting@5c3bd550]" name="teardown" is-config="true" duration-ms="602" started-at="2019-04-26T12:03:18Z" finished-at="2019-04-26T12:03:19Z">
          <params>
            <param index="0">
              <value>
                <![CDATA[[TestResult name=noCommerceTitleTest status=FAILURE method=ExtentReportTesting.noCommerceTitleTest()[pri:0, instance:ExtentReport.ExtentReportTesting@5c3bd550] output={null}]]]>
              </value>
            </param>
          </params>
          <reporter-output>
          </reporter-output>
        </test-method> <!-- teardown -->
        <test-method status="PASS" signature="endReport()[pri:0, instance:ExtentReport.ExtentReportTesting@5c3bd550]" name="endReport" is-config="true" duration-ms="735" started-at="2019-04-26T12:03:19Z" finished-at="2019-04-26T12:03:20Z">
          <reporter-output>
          </reporter-output>
        </test-method> <!-- endReport -->
      </class> <!-- ExtentReport.ExtentReportTesting -->
    </test> <!-- Default test -->
  </suite> <!-- Default suite -->
</testng-results>
